0 info it worked if it ends with ok
1 verbose cli [ 'c:\\Program Files (x86)\\nodejs\\node.exe',
1 verbose cli   'c:\\Program Files (x86)\\nodejs\\node_modules\\npm\\bin\\npm-cli.js',
1 verbose cli   'start',
1 verbose cli   'app.js' ]
2 info using npm@1.4.9
3 info using node@v0.10.28
4 error Error: ENOENT, open 'h:\node\nodetest1\node_modules\app.js\package.json'
5 error If you need help, you may report this *entire* log,
5 error including the npm and node versions, at:
5 error     <http://github.com/npm/npm/issues>
6 error System Windows_NT 6.1.7601
7 error command "c:\\Program Files (x86)\\nodejs\\node.exe" "c:\\Program Files (x86)\\nodejs\\node_modules\\npm\\bin\\npm-cli.js" "start" "app.js"
8 error cwd h:\node\nodetest1
9 error node -v v0.10.28
10 error npm -v 1.4.9
11 error path h:\node\nodetest1\node_modules\app.js\package.json
12 error code ENOENT
13 error errno 34
14 verbose exit [ 34, true ]
